This file contains any messages produced by compilers while
running configure, to aid debugging if configure makes a mistake.

It was created by configure, which was
generated by GNU Autoconf 2.52.20170501.  Invocation command line was

  $ ./configure 

## ---------- ##
## Platform.  ##
## ---------- ##

hostname = bela
uname -m = armv7l
uname -r = 4.4.87-ti-xenomai-r121
uname -s = Linux
uname -v = #1 PREEMPT Wed Oct 25 17:50:16 BST 2017

/usr/bin/uname -p = unknown
/bin/uname -X     = unknown

/bin/arch              = unknown
/usr/bin/arch -k       = unknown
/usr/convex/getsysinfo = unknown
hostinfo               = unknown
/bin/machine           = unknown
/usr/bin/oslevel       = unknown
/bin/universe          = unknown

PATH = /usr/local/sbin:/usr/local/bin:/usr/sbin:/usr/bin:/sbin:/bin

## ------------ ##
## Core tests.  ##
## ------------ ##

configure:1135: PATH=".;."; conftest.sh
./configure: 1136: ./configure: conftest.sh: not found
configure:1138: $? = 127
configure:1151: checking for egrep
configure:1161: result: grep -E
configure:1175: result: Configuring NCURSES 6.1 ABI 6 (Fri Nov  4 00:18:31 UTC 2016)
configure:1179: checking for package version
configure:1200: result: 6.1
configure:1203: checking for package patch date
configure:1220: result: 20180428
configure:1231: testing ABI VERSION 5:0:10 ...
configure:1235: testing VERSION_MAJOR 6 ...
configure:1239: testing VERSION_MINOR 1 ...
configure:1243: testing VERSION_PATCH 20180428 ...
configure:1385: checking build system type
configure:1403: result: armv7l-unknown-linux-gnueabihf
configure:1410: checking host system type
configure:1424: result: armv7l-unknown-linux-gnueabihf
configure:1432: checking target system type
configure:1446: result: armv7l-unknown-linux-gnueabihf
configure:1478: result: Configuring for linux-gnueabihf
configure:1504: checking for prefix
configure:1516: result: /usr
configure:1644: checking for gnatgcc
configure:1670: result: no
configure:1644: checking for gcc
configure:1659: found /usr/bin/gcc
configure:1667: result: gcc
configure:1685: checking for C compiler version
configure:1688: gcc --version </dev/null >&5
gcc (Debian 6.3.0-18) 6.3.0 20170516
Copyright (C) 2016 Free Software Foundation, Inc.
This is free software; see the source for copying conditions.  There is NO
warranty; not even for MERCHANTABILITY or FITNESS FOR A PARTICULAR PURPOSE.

configure:1691: $? = 0
configure:1693: gcc -v </dev/null >&5
Using built-in specs.
COLLECT_GCC=gcc
COLLECT_LTO_WRAPPER=/usr/lib/gcc/arm-linux-gnueabihf/6/lto-wrapper
Target: arm-linux-gnueabihf
Configured with: ../src/configure -v --with-pkgversion='Debian 6.3.0-18' --with-bugurl=file:///usr/share/doc/gcc-6/README.Bugs --enable-languages=c,ada,c++,java,go,d,fortran,objc,obj-c++ --prefix=/usr --program-suffix=-6 --program-prefix=arm-linux-gnueabihf- --enable-shared --enable-linker-build-id --libexecdir=/usr/lib --without-included-gettext --enable-threads=posix --libdir=/usr/lib --enable-nls --with-sysroot=/ --enable-clocale=gnu --enable-libstdcxx-debug --enable-libstdcxx-time=yes --with-default-libstdcxx-abi=new --enable-gnu-unique-object --disable-libitm --disable-libquadmath --enable-plugin --enable-default-pie --with-system-zlib --disable-browser-plugin --enable-java-awt=gtk --enable-gtk-cairo --with-java-home=/usr/lib/jvm/java-1.5.0-gcj-6-armhf/jre --enable-java-home --with-jvm-root-dir=/usr/lib/jvm/java-1.5.0-gcj-6-armhf --with-jvm-jar-dir=/usr/lib/jvm-exports/java-1.5.0-gcj-6-armhf --with-arch-directory=arm --with-ecj-jar=/usr/share/java/eclipse-ecj.jar --with-target-system-zlib --enable-objc-gc=auto --enable-multiarch --disable-sjlj-exceptions --with-arch=armv7-a --with-fpu=vfpv3-d16 --with-float=hard --with-mode=thumb --enable-checking=release --build=arm-linux-gnueabihf --host=arm-linux-gnueabihf --target=arm-linux-gnueabihf
Thread model: posix
gcc version 6.3.0 20170516 (Debian 6.3.0-18) 
configure:1696: $? = 0
configure:1698: gcc -V </dev/null >&5
gcc: error: unrecognized command line option '-V'
gcc: fatal error: no input files
compilation terminated.
configure:1701: $? = 1
configure:1721: checking for C compiler default output
configure:1724: gcc    conftest.c  >&5
configure:1727: $? = 0
configure:1756: result: a.out
configure:1761: checking whether the C compiler works
configure:1767: ./a.out
configure:1770: $? = 0
configure:1785: result: yes
configure:1792: checking whether we are cross compiling
configure:1794: result: no
configure:1797: checking for executable suffix
configure:1799: gcc -o conftest    conftest.c  >&5
configure:1802: $? = 0
configure:1824: result: 
configure:1830: checking for object suffix
configure:1848: gcc -c   conftest.c >&5
configure:1851: $? = 0
configure:1870: result: o
configure:1874: checking whether we are using the GNU C compiler
configure:1895: gcc -c   conftest.c >&5
configure:1898: $? = 0
configure:1901: test -s conftest.o
configure:1904: $? = 0
configure:1916: result: yes
configure:1922: checking whether gcc accepts -g
configure:1940: gcc -c -g  conftest.c >&5
configure:1943: $? = 0
configure:1946: test -s conftest.o
configure:1949: $? = 0
configure:1959: result: yes
configure:1986: gcc -c -g -O2  conftest.c >&5
conftest.c:2:3: error: unknown type name 'choke'
   choke me
   ^~~~~
conftest.c:2:3: error: expected '=', ',', ';', 'asm' or '__attribute__' at end of input
configure:1989: $? = 1
configure: failed program was:
#ifndef __cplusplus
  choke me
#endif
configure:2090: checking version of gcc
configure:2094: result: 6.3.0
configure:2098: checking for gcc option to accept ANSI C
configure:2155: gcc  -c -g -O2  conftest.c >&5
configure:2158: $? = 0
configure:2161: test -s conftest.o
configure:2164: $? = 0
configure:2181: result: none needed
configure:2192: checking $CC variable
configure:2327: result: ok
configure:2338: checking how to run the C preprocessor
configure:2364: gcc -E  conftest.c
configure:2370: $? = 0
configure:2397: gcc -E  conftest.c
configure:2394:28: fatal error: ac_nonexistent.h: No such file or directory
 #include "confdefs.h"
                            ^
compilation terminated.
configure:2403: $? = 1
configure: failed program was:
#line 2393 "configure"
#include "confdefs.h"
#include <ac_nonexistent.h>
configure:2440: result: gcc -E
configure:2455: gcc -E  conftest.c
configure:2461: $? = 0
configure:2488: gcc -E  conftest.c
configure:2485:28: fatal error: ac_nonexistent.h: No such file or directory
 #include "confdefs.h"
                            ^
compilation terminated.
configure:2494: $? = 1
configure: failed program was:
#line 2484 "configure"
#include "confdefs.h"
#include <ac_nonexistent.h>
configure:2535: checking whether gcc needs -traditional
configure:2570: result: no
configure:2577: checking whether gcc understands -c and -o together
configure:2592: gcc -g -O2  -c conftest.c -o conftest2.o >&5
configure:2595: $? = 0
configure:2597: gcc -g -O2  -c conftest.c -o conftest2.o >&5
configure:2600: $? = 0
configure:2611: result: yes
configure:2628: checking for ldconfig
configure:2645: found /sbin/ldconfig
configure:2656: result: /sbin/ldconfig
configure:2667: checking if you want to ensure bool is consistent with C++
configure:2677: result: yes
configure:2734: checking for g++
configure:2749: found /usr/bin/g++
configure:2757: result: g++
configure:2772: checking for C++ compiler version
configure:2775: g++ --version </dev/null >&5
g++ (Debian 6.3.0-18) 6.3.0 20170516
Copyright (C) 2016 Free Software Foundation, Inc.
This is free software; see the source for copying conditions.  There is NO
warranty; not even for MERCHANTABILITY or FITNESS FOR A PARTICULAR PURPOSE.

configure:2778: $? = 0
configure:2780: g++ -v </dev/null >&5
Using built-in specs.
COLLECT_GCC=g++
COLLECT_LTO_WRAPPER=/usr/lib/gcc/arm-linux-gnueabihf/6/lto-wrapper
Target: arm-linux-gnueabihf
Configured with: ../src/configure -v --with-pkgversion='Debian 6.3.0-18' --with-bugurl=file:///usr/share/doc/gcc-6/README.Bugs --enable-languages=c,ada,c++,java,go,d,fortran,objc,obj-c++ --prefix=/usr --program-suffix=-6 --program-prefix=arm-linux-gnueabihf- --enable-shared --enable-linker-build-id --libexecdir=/usr/lib --without-included-gettext --enable-threads=posix --libdir=/usr/lib --enable-nls --with-sysroot=/ --enable-clocale=gnu --enable-libstdcxx-debug --enable-libstdcxx-time=yes --with-default-libstdcxx-abi=new --enable-gnu-unique-object --disable-libitm --disable-libquadmath --enable-plugin --enable-default-pie --with-system-zlib --disable-browser-plugin --enable-java-awt=gtk --enable-gtk-cairo --with-java-home=/usr/lib/jvm/java-1.5.0-gcj-6-armhf/jre --enable-java-home --with-jvm-root-dir=/usr/lib/jvm/java-1.5.0-gcj-6-armhf --with-jvm-jar-dir=/usr/lib/jvm-exports/java-1.5.0-gcj-6-armhf --with-arch-directory=arm --with-ecj-jar=/usr/share/java/eclipse-ecj.jar --with-target-system-zlib --enable-objc-gc=auto --enable-multiarch --disable-sjlj-exceptions --with-arch=armv7-a --with-fpu=vfpv3-d16 --with-float=hard --with-mode=thumb --enable-checking=release --build=arm-linux-gnueabihf --host=arm-linux-gnueabihf --target=arm-linux-gnueabihf
Thread model: posix
gcc version 6.3.0 20170516 (Debian 6.3.0-18) 
configure:2783: $? = 0
configure:2785: g++ -V </dev/null >&5
g++: error: unrecognized command line option '-V'
g++: fatal error: no input files
compilation terminated.
configure:2788: $? = 1
configure:2791: checking whether we are using the GNU C++ compiler
configure:2812: g++ -c   conftest.cc >&5
configure:2815: $? = 0
configure:2818: test -s conftest.o
configure:2821: $? = 0
configure:2833: result: yes
configure:2839: checking whether g++ accepts -g
configure:2857: g++ -c -g  conftest.cc >&5
configure:2860: $? = 0
configure:2863: test -s conftest.o
configure:2866: $? = 0
configure:2876: result: yes
configure:2916: g++ -c -g -O2  conftest.cc >&5
configure:2919: $? = 0
configure:2922: test -s conftest.o
configure:2925: $? = 0
configure:2947: g++ -c -g -O2  conftest.cc >&5
configure: In function 'int main()':
configure:2940:9: error: 'exit' was not declared in this scope
 {
         ^
configure:2950: $? = 1
configure: failed program was:
#line 2935 "configure"
#include "confdefs.h"

int
main (void)
{
exit (42);
  ;
  return 0;
}
configure:2916: g++ -c -g -O2  conftest.cc >&5
configure:2919: $? = 0
configure:2922: test -s conftest.o
configure:2925: $? = 0
configure:2947: g++ -c -g -O2  conftest.cc >&5
configure:2950: $? = 0
configure:2953: test -s conftest.o
configure:2956: $? = 0
configure:2990: checking if g++ works
configure:3015: g++ -c -g -O2  -I/usr/include conftest.cc >&5
configure:3018: $? = 0
configure:3021: test -s conftest.o
configure:3024: $? = 0
configure:3035: result: yes
configure:3055: checking for g++
configure:3072: found /usr/bin/g++
configure:3083: result: /usr/bin/g++
configure:3102: checking version of /usr/bin/g++
configure:3110: result: 6.3.0
configure:3123: checking if you want to build C++ binding and demo
configure:3133: result: yes
configure:3136: checking if you want to build with Ada95
configure:3138: result: yes
configure:3141: checking if you want to install terminal database
configure:3151: result: yes
configure:3154: checking if you want to install manpages
configure:3164: result: yes
configure:3167: checking if you want to build programs such as tic
configure:3177: result: yes
configure:3205: checking if you want to build test-programs
configure:3215: result: yes
configure:3218: checking if you wish to install curses.h
configure:3228: result: yes
configure:3253: checking for mawk
configure:3268: found /usr/bin/mawk
configure:3276: result: mawk
configure:3290: checking for egrep
configure:3300: result: grep -E
configure:3320: checking for a BSD compatible install
configure:3369: result: /usr/bin/install -c
configure:3394: checking for lint
configure:3420: result: no
configure:3394: checking for cppcheck
configure:3420: result: no
configure:3394: checking for splint
configure:3420: result: no
configure:3427: checking whether ln -s works
configure:3431: result: yes
configure:3438: checking if ln -s -f options work
configure:3450: result: yes
configure:3455: checking for long file names
configure:3494: result: yes
configure:3523: checking if you want to use pkg-config
configure:3533: result: yes
configure:3585: checking for pkg-config
configure:3602: found /usr/bin/pkg-config
configure:3614: result: /usr/bin/pkg-config
configure:3677: checking for /usr/bin/pkg-config library directory
configure:3732: testing list... ...
configure:3738: testing checking /usr/lib/*-linux-gnu/pkgconfig ...
configure:3738: testing checking /usr/share/pkgconfig ...
configure:3743: checking done
configure:3754: result: /usr/share/pkgconfig
configure:3760: checking if we should install .pc files for /usr/bin/pkg-config
configure:3774: result: no
configure:3847: checking if we should assume mixed-case filenames
configure:3857: result: auto
configure:3861: checking if filesystem supports mixed-case filenames
configure:3888: result: yes
configure:3907: checking whether make sets ${MAKE}
configure:3927: result: yes
configure:3940: checking for exctags
configure:3966: result: no
configure:3940: checking for ctags
configure:3966: result: no
configure:3977: checking for exetags
configure:4003: result: no
configure:3977: checking for etags
configure:4003: result: no
configure:4012: checking for ctags
configure:4036: result: no
configure:4046: checking for etags
configure:4070: result: no
configure:4093: checking for makeflags variable
configure:4127: result: 
configure:4168: checking for ranlib
configure:4183: found /usr/bin/ranlib
configure:4192: result: ranlib
configure:4242: checking for ld
configure:4257: found /usr/bin/ld
configure:4266: result: ld
configure:4316: checking for ar
configure:4331: found /usr/bin/ar
configure:4340: result: ar
configure:4390: checking for nm
configure:4405: found /usr/bin/nm
configure:4414: result: nm
configure:4464: checking for ar
configure:4488: result: ar
configure:4500: checking for options to update archives
configure:4526: gcc -c -g -O2  conftest.c >&5
configure:4529: $? = 0
ar  -curvU conftest.a conftest.o
configure:4548: result: -curvU
configure:4559: checking if you have specified an install-prefix
configure:4572: result: 
configure:4729: checking if libtool -version-number should be used
configure:4746: result: yes
configure:4795: checking if you want to build libraries with libtool
configure:4805: result: no
configure:5103: checking if you want to build shared libraries
configure:5113: result: no
configure:5117: checking if you want to build static libraries
configure:5127: result: yes
configure:5131: checking if you want to build debug libraries
configure:5141: result: yes
configure:5145: checking if you want to build profiling libraries
configure:5155: result: no
configure:5180: checking for specified models
configure:5184: result:  normal debug
configure:5189: checking for default model
configure:5192: result: normal
configure:5206: checking if you want to have a library-prefix
configure:5216: result: auto
configure:5244: checking for PATH separator
configure:5251: result: :
configure:5256: checking if you want to build a separate terminfo library
configure:5266: result: no
configure:5269: checking if you want to build a separate tic library
configure:5279: result: no
configure:5285: checking if you want to link with the GPM mouse library
configure:5295: result: maybe
configure:5299: checking for gpm.h
configure:5309: gcc -E  conftest.c
configure:5306:17: fatal error: gpm.h: No such file or directory
 #include "confdefs.h"
                 ^
compilation terminated.
configure:5315: $? = 1
configure: failed program was:
#line 5305 "configure"
#include "confdefs.h"
#include <gpm.h>
configure:5334: result: no
configure:5917: checking for default loader flags
configure:5926: result: 
configure:5964: checking for an rpath option
configure:5995: result: -Wl,-rpath,
configure:6073: checking if release/abi version should be used for shared libs
configure:6099: result: auto
configure:6122: checking which gcc option to use
configure:6141: gcc -c -g -O2 -fPIC  conftest.c >&5
configure:6144: $? = 0
configure:6147: test -s conftest.o
configure:6150: $? = 0
configure:6159: result: -fPIC
configure:6602: testing CC_SHARED_OPTS: -fPIC ...
configure:6606: testing MK_SHARED_LIB:  ${CC} ${LDFLAGS} ${CFLAGS} -shared -Wl,-soname,`basename $@ .${REL_VERSION}`.${ABI_VERSION},-stats,-lc -o $@ ...
configure:6842: checking if you want to disable library suffixes
configure:6859: result: no
configure:7123: checking if you wish to append extra suffix to header/library paths
configure:7142: result: 
configure:7146: checking if you wish to install ncurses overwriting curses
configure:7156: result: yes
configure:7159: checking if external terminfo-database is used
configure:7169: result: yes
configure:7185: checking which terminfo source-file will be installed
configure:7193: result: ${top_srcdir}/misc/terminfo.src
configure:7196: checking whether to use hashed database instead of directory/tree
configure:7206: result: no
configure:7212: checking for list of fallback descriptions
configure:7222: result: 
configure:7226: checking if you want modern xterm or antique
configure:7240: result: xterm-new
configure:7244: checking if xterm backspace sends BS or DEL
configure:7265: result: BS
configure:7275: checking for list of terminfo directories
configure:7338: result: /usr/share/terminfo
configure:7345: checking for default terminfo directory
configure:7390: result: /usr/share/terminfo
configure:7401: checking if big-core option selected
configure:7427: gcc -o conftest -g -O2   conftest.c  >&5
configure:7430: $? = 0
configure:7432: ./conftest
configure:7435: $? = 0
configure:7447: result: yes
configure:7457: checking if big-strings option selected
configure:7481: result: yes
configure:7488: checking if you want termcap-fallback support
configure:7498: result: no
configure:7632: checking if ~/.terminfo is wanted
configure:7642: result: yes
configure:7649: checking if you want to use restricted environment when running as root
configure:7659: result: yes
configure:7674: checking for unistd.h
configure:7684: gcc -E  conftest.c
configure:7690: $? = 0
configure:7709: result: yes
configure:7724: checking for remove
configure:7761: gcc -o conftest -g -O2   conftest.c  >&5
configure:7764: $? = 0
configure:7767: test -s conftest
configure:7770: $? = 0
configure:7780: result: yes
configure:7724: checking for unlink
configure:7761: gcc -o conftest -g -O2   conftest.c  >&5
configure:7764: $? = 0
configure:7767: test -s conftest
configure:7770: $? = 0
configure:7780: result: yes
configure:7864: checking if link/symlink functions work
configure:7907: gcc -o conftest -g -O2   conftest.c  >&5
configure:7910: $? = 0
configure:7912: ./conftest
configure:7915: $? = 0
configure:7907: gcc -o conftest -g -O2   conftest.c  >&5
configure:7910: $? = 0
configure:7912: ./conftest
configure:7915: $? = 0
configure:7933: result:  link symlink
configure:7953: checking if tic should use symbolic links
configure:7963: result: no
configure:7970: checking if tic should use hard links
configure:7977: result: yes
configure:7992: checking if you want broken-linker support code
configure:8002: result: no
configure:8031: checking if tputs should process BSD-style prefix padding
configure:8041: result: no
configure:8098: checking if we must define _GNU_SOURCE
configure:8120: gcc -c -g -O2  conftest.c >&5
configure: In function 'main':
configure:8112:1: error: unknown type name 'make'
 #ifndef _XOPEN_SOURCE
 ^~~~
configure:8112:9: error: expected '=', ',', ';', 'asm' or '__attribute__' before 'error'
 #ifndef _XOPEN_SOURCE
         ^~~~~
configure:8123: $? = 1
configure: failed program was:
#line 8105 "configure"
#include "confdefs.h"
#include <sys/types.h>
int
main (void)
{

#ifndef _XOPEN_SOURCE
make an error
#endif
  ;
  return 0;
}
configure:8153: gcc -c -g -O2  -D_GNU_SOURCE conftest.c >&5
configure: In function 'main':
configure:8145:1: error: unknown type name 'make'
 #ifdef _XOPEN_SOURCE
 ^~~~
configure:8145:9: error: expected '=', ',', ';', 'asm' or '__attribute__' before 'error'
 #ifdef _XOPEN_SOURCE
         ^~~~~
configure:8156: $? = 1
configure: failed program was:
#line 8138 "configure"
#include "confdefs.h"
#include <sys/types.h>
int
main (void)
{

#ifdef _XOPEN_SOURCE
make an error
#endif
  ;
  return 0;
}
configure:8177: result: yes
configure:8182: checking if we should also define _DEFAULT_SOURCE
configure:8205: gcc -c -g -O2  -D_GNU_SOURCE conftest.c >&5
configure: In function 'main':
configure:8197:1: error: unknown type name 'make'
 #ifdef _DEFAULT_SOURCE
 ^~~~
configure:8197:9: error: expected '=', ',', ';', 'asm' or '__attribute__' before 'error'
 #ifdef _DEFAULT_SOURCE
         ^~~~~
configure:8208: $? = 1
configure: failed program was:
#line 8190 "configure"
#include "confdefs.h"
#include <sys/types.h>
int
main (void)
{

#ifdef _DEFAULT_SOURCE
make an error
#endif
  ;
  return 0;
}
configure:8225: result: yes
configure:9100: checking if _XOPEN_SOURCE really is set
configure:9118: gcc -c -g -O2  -D_GNU_SOURCE -D_DEFAULT_SOURCE conftest.c >&5
configure:9121: $? = 0
configure:9124: test -s conftest.o
configure:9127: $? = 0
configure:9136: result: yes
configure:9156: gcc -c -g -O2  -D_GNU_SOURCE -D_DEFAULT_SOURCE conftest.c >&5
configure:9159: $? = 0
configure:9162: test -s conftest.o
configure:9165: $? = 0
configure:9390: checking if SIGWINCH is defined
configure:9412: gcc -c -g -O2  -D_GNU_SOURCE -D_DEFAULT_SOURCE conftest.c >&5
configure:9415: $? = 0
configure:9418: test -s conftest.o
configure:9421: $? = 0
configure:9469: result: yes
configure:9539: checking for nl_langinfo and CODESET
configure:9557: gcc -o conftest -g -O2  -D_GNU_SOURCE -D_DEFAULT_SOURCE  conftest.c  >&5
configure:9560: $? = 0
configure:9563: test -s conftest
configure:9566: $? = 0
configure:9577: result: yes
configure:9591: checking if you want wide-character code
configure:9601: result: no
configure:10900: checking whether to enable _LP64 definition in curses.h
configure:10910: result: yes
configure:10926: checking for special C compiler options needed for large files
configure:11000: result: no
configure:11006: checking for _FILE_OFFSET_BITS value needed for large files
configure:11034: gcc -c -g -O2  -D_GNU_SOURCE -D_DEFAULT_SOURCE conftest.c >&5
configure:11020:33: warning: left shift count >= width of type [-Wshift-count-overflow]
     incorrectly reject 9223372036854775807.  */
                                 ^
configure:11021:23: note: in expansion of macro 'LARGE_OFF_T'
 #define LARGE_OFF_T (((off_t) 1 << 62) - 1 + ((off_t) 1 << 62))
                       ^~~~~~~~~~~
configure:11020:57: warning: left shift count >= width of type [-Wshift-count-overflow]
     incorrectly reject 9223372036854775807.  */
                                                         ^
configure:11021:23: note: in expansion of macro 'LARGE_OFF_T'
 #define LARGE_OFF_T (((off_t) 1 << 62) - 1 + ((off_t) 1 << 62))
                       ^~~~~~~~~~~
configure:11020:33: warning: left shift count >= width of type [-Wshift-count-overflow]
     incorrectly reject 9223372036854775807.  */
                                 ^
configure:11022:13: note: in expansion of macro 'LARGE_OFF_T'
   int off_t_is_large[(LARGE_OFF_T % 2147483629 == 721
             ^~~~~~~~~~~
configure:11020:57: warning: left shift count >= width of type [-Wshift-count-overflow]
     incorrectly reject 9223372036854775807.  */
                                                         ^
configure:11022:13: note: in expansion of macro 'LARGE_OFF_T'
   int off_t_is_large[(LARGE_OFF_T % 2147483629 == 721
             ^~~~~~~~~~~
configure:11021:7: error: variably modified 'off_t_is_large' at file scope
 #define LARGE_OFF_T (((off_t) 1 << 62) - 1 + ((off_t) 1 << 62))
       ^~~~~~~~~~~~~~
configure:11037: $? = 1
configure: failed program was:
#line 11014 "configure"
#include "confdefs.h"
#include <sys/types.h>
 /* Check that off_t can represent 2**63 - 1 correctly.
    We can't simply define LARGE_OFF_T to be 9223372036854775807,
    since some C++ compilers masquerading as C compilers
    incorrectly reject 9223372036854775807.  */
#define LARGE_OFF_T (((off_t) 1 << 62) - 1 + ((off_t) 1 << 62))
  int off_t_is_large[(LARGE_OFF_T % 2147483629 == 721
		       && LARGE_OFF_T % 2147483647 == 1)
		      ? 1 : -1];
int
main (void)
{

  ;
  return 0;
}
configure:11073: gcc -c -g -O2  -D_GNU_SOURCE -D_DEFAULT_SOURCE conftest.c >&5
configure:11076: $? = 0
configure:11079: test -s conftest.o
configure:11082: $? = 0
configure:11093: result: 64
configure:11103: checking for _LARGE_FILES value needed for large files
configure:11131: gcc -c -g -O2  -D_GNU_SOURCE -D_DEFAULT_SOURCE conftest.c >&5
configure:11134: $? = 0
configure:11137: test -s conftest.o
configure:11140: $? = 0
configure:11190: result: no
configure:11203: checking for _LARGEFILE_SOURCE value needed for large files
configure:11223: gcc -c -g -O2  -D_GNU_SOURCE -D_DEFAULT_SOURCE conftest.c >&5
configure:11226: $? = 0
configure:11229: test -s conftest.o
configure:11232: $? = 0
configure:11274: result: no
configure:11288: checking for fseeko
configure:11306: gcc -o conftest -g -O2  -D_GNU_SOURCE -D_DEFAULT_SOURCE  conftest.c  >&5
configure:11309: $? = 0
configure:11312: test -s conftest
configure:11315: $? = 0
configure:11325: result: yes
configure:11346: checking whether to use struct dirent64
configure:11375: gcc -c -g -O2  -D_GNU_SOURCE -D_DEFAULT_SOURCE -D_FILE_OFFSET_BITS=64  conftest.c >&5
configure: In function 'main':
configure:11364:28: error: conflicting types for 'readdir'
   /* if transitional largefile support is setup, this is true */
                            ^~~~~~~
In file included from /usr/include/features.h:364:0,
                 from /usr/include/arm-linux-gnueabihf/sys/types.h:25,
                 from configure:11356:
/usr/include/dirent.h:165:23: note: previous declaration of 'readdir' was here
 extern struct dirent *__REDIRECT (readdir, (DIR *__dirp), readdir64)
                       ^
configure:11366:22: error: initialization from incompatible pointer type [-Werror=incompatible-pointer-types]
   struct dirent64 *x = readdir((DIR *)0);
                      ^~~~~~~
configure:11367:13: error: invalid operands to binary - (have 'struct dirent64 *' and 'struct dirent *')
   struct dirent *y = readdir((DIR *)0);
             ^
cc1: some warnings being treated as errors
configure:11378: $? = 1
configure: failed program was:
#line 11353 "configure"
#include "confdefs.h"

#pragma GCC diagnostic error "-Wincompatible-pointer-types"
#include <sys/types.h>
#include <dirent.h>

int
main (void)
{

		/* if transitional largefile support is setup, this is true */
		extern struct dirent64 * readdir(DIR *);
		struct dirent64 *x = readdir((DIR *)0);
		struct dirent *y = readdir((DIR *)0);
		int z = x - y;

  ;
  return 0;
}
configure:11395: result: no
configure:11405: checking if you want tparm not to use X/Open fixed-parameter list
configure:11415: result: yes
configure:11439: checking if you want to suppress wattr* macros to help with ncurses5/ncurses6 transition
configure:11455: result: no
configure:11459: checking for X11 rgb file
configure:11531: result: ${exec_prefix}/lib/X11/rgb.txt
configure:11545: checking for type of bool
configure:11555: result: auto
configure:11558: checking for alternate terminal capabilities file
configure:11569: result: Caps
configure:11573: checking for type of chtype
configure:11583: result: uint32_t
configure:11587: checking for type of ospeed
configure:11597: result: short
configure:11601: checking for type of mmask_t
configure:11611: result: uint32_t
configure:11615: checking for size CCHARW_MAX
configure:11625: result: 5
configure:11628: checking for ANSI C header files
configure:11642: gcc -E  -D_GNU_SOURCE -D_DEFAULT_SOURCE -D_FILE_OFFSET_BITS=64  conftest.c
configure:11648: $? = 0
configure:11735: gcc -o conftest -g -O2  -D_GNU_SOURCE -D_DEFAULT_SOURCE -D_FILE_OFFSET_BITS=64   conftest.c  >&5
configure:11738: $? = 0
configure:11740: ./conftest
configure:11743: $? = 0
configure:11756: result: yes
configure:11772: checking for sys/types.h
configure:11784: gcc -c -g -O2  -D_GNU_SOURCE -D_DEFAULT_SOURCE -D_FILE_OFFSET_BITS=64  conftest.c >&5
configure:11787: $? = 0
configure:11790: test -s conftest.o
configure:11793: $? = 0
configure:11803: result: yes
configure:11772: checking for sys/stat.h
configure:11784: gcc -c -g -O2  -D_GNU_SOURCE -D_DEFAULT_SOURCE -D_FILE_OFFSET_BITS=64  conftest.c >&5
configure:11787: $? = 0
configure:11790: test -s conftest.o
configure:11793: $? = 0
configure:11803: result: yes
configure:11772: checking for stdlib.h
configure:11784: gcc -c -g -O2  -D_GNU_SOURCE -D_DEFAULT_SOURCE -D_FILE_OFFSET_BITS=64  conftest.c >&5
configure:11787: $? = 0
configure:11790: test -s conftest.o
configure:11793: $? = 0
configure:11803: result: yes
configure:11772: checking for string.h
configure:11784: gcc -c -g -O2  -D_GNU_SOURCE -D_DEFAULT_SOURCE -D_FILE_OFFSET_BITS=64  conftest.c >&5
configure:11787: $? = 0
configure:11790: test -s conftest.o
configure:11793: $? = 0
configure:11803: result: yes
configure:11772: checking for memory.h
configure:11784: gcc -c -g -O2  -D_GNU_SOURCE -D_DEFAULT_SOURCE -D_FILE_OFFSET_BITS=64  conftest.c >&5
configure:11787: $? = 0
configure:11790: test -s conftest.o
configure:11793: $? = 0
configure:11803: result: yes
configure:11772: checking for strings.h
configure:11784: gcc -c -g -O2  -D_GNU_SOURCE -D_DEFAULT_SOURCE -D_FILE_OFFSET_BITS=64  conftest.c >&5
configure:11787: $? = 0
configure:11790: test -s conftest.o
configure:11793: $? = 0
configure:11803: result: yes
configure:11772: checking for inttypes.h
configure:11784: gcc -c -g -O2  -D_GNU_SOURCE -D_DEFAULT_SOURCE -D_FILE_OFFSET_BITS=64  conftest.c >&5
configure:11787: $? = 0
configure:11790: test -s conftest.o
configure:11793: $? = 0
configure:11803: result: yes
configure:11772: checking for stdint.h
configure:11784: gcc -c -g -O2  -D_GNU_SOURCE -D_DEFAULT_SOURCE -D_FILE_OFFSET_BITS=64  conftest.c >&5
configure:11787: $? = 0
configure:11790: test -s conftest.o
configure:11793: $? = 0
configure:11803: result: yes
configure:11772: checking for unistd.h
configure:11803: result: yes
configure:11813: checking for signed char
configure:11834: gcc -c -g -O2  -D_GNU_SOURCE -D_DEFAULT_SOURCE -D_FILE_OFFSET_BITS=64  conftest.c >&5
configure:11837: $? = 0
configure:11840: test -s conftest.o
configure:11843: $? = 0
configure:11853: result: yes
configure:11856: checking size of signed char
configure:12020: gcc -o conftest -g -O2  -D_GNU_SOURCE -D_DEFAULT_SOURCE -D_FILE_OFFSET_BITS=64   conftest.c  >&5
configure:12023: $? = 0
configure:12025: ./conftest
configure:12028: $? = 0
configure:12044: result: 1
configure:12055: checking if you want to use signed Boolean array in term.h
configure:12065: result: no
configure:12070: checking for type of tparm args
configure:12080: result: intptr_t
configure:12084: checking if RCS identifiers should be compiled-in
configure:12094: result: no
configure:12103: checking format of man-pages
configure:12192: result:  gzip
configure:12199: checking for manpage renaming
configure:12241: result: /root/Bela/projects/ncurses/ncurses-6.1-20180428/man/man_db.renames
configure:12244: checking if manpage aliases will be installed
configure:12255: result: yes
configure:12269: checking if manpage symlinks should be used
configure:12288: result: yes
configure:12292: checking for manpage tbl
configure:12303: result: no
configure:12636: checking if you want to build with function extensions
configure:12646: result: yes
configure:12706: checking if you want to build with SCREEN extensions
configure:12716: result: yes
configure:12735: checking if you want to build with terminal-driver
configure:12745: result: no
configure:12766: checking for extended use of const keyword
configure:12776: result: yes
configure:12784: checking if you want to use extended colors
configure:12794: result: yes
configure:12799: WARNING: This option applies only to wide-character library
configure:12837: checking if you want to use extended mouse encoding
configure:12847: result: yes
configure:12867: checking if you want to use extended putwin/screendump
configure:12877: result: yes
configure:12887: checking if you want $NCURSES_NO_PADDING code
configure:12897: result: yes
configure:12905: checking if you want SIGWINCH handler
configure:12915: result: yes
configure:12923: checking if you want user-definable terminal capabilities like termcap
configure:12933: result: yes
configure:12940: checking if you want to link with the pthread library
configure:12950: result: no
configure:13275: checking if you want reentrant code
configure:13285: result: no
configure:13369: checking if you want opaque curses-library structures
configure:13391: result: no
configure:13400: checking if you want opaque form-library structures
configure:13410: result: no
configure:13413: checking if you want opaque menu-library structures
configure:13423: result: no
configure:13426: checking if you want opaque panel-library structures
configure:13436: result: no
configure:13469: checking if you want all development code
configure:13479: result: no
configure:13483: checking if you want hard-tabs code
configure:13493: result: no
configure:13501: checking if you want limited support for xmc
configure:13511: result: no
configure:13521: checking if you do not want to assume colors are white-on-black
configure:13531: result: yes
configure:13539: checking if you want hashmap scrolling-optimization code
configure:13549: result: yes
configure:13557: checking if you want colorfgbg code
configure:13567: result: no
configure:13575: checking if you want interop bindings
configure:13585: result: yes
configure:13591: checking if you want experimental safe-sprintf code
configure:13601: result: no
configure:13626: checking if you want wgetch-events code
configure:13636: result: no
configure:13647: checking if you want to see long compiling messages
configure:13681: result: yes
configure:13694: checking if you want to install stripped executables
configure:13711: result: yes
configure:13721: checking if install needs to be told about ownership
configure:13732: result: no
configure:13742: checking if you want to see compiler warnings
configure:13750: result: 
configure:14206: checking for gcc __attribute__ directives...
checking for gcc __attribute__((scanf))
configure:14258: gcc -c -g -O2  -D_GNU_SOURCE -D_DEFAULT_SOURCE -D_FILE_OFFSET_BITS=64  conftest.c >&5
configure:14261: $? = 0
checking for gcc __attribute__((printf))
configure:14258: gcc -c -g -O2  -D_GNU_SOURCE -D_DEFAULT_SOURCE -D_FILE_OFFSET_BITS=64  conftest.c >&5
configure:14261: $? = 0
checking for gcc __attribute__((unused))
configure:14258: gcc -c -g -O2  -D_GNU_SOURCE -D_DEFAULT_SOURCE -D_FILE_OFFSET_BITS=64  conftest.c >&5
configure:14261: $? = 0
checking for gcc __attribute__((noreturn))
configure:14258: gcc -c -g -O2  -D_GNU_SOURCE -D_DEFAULT_SOURCE -D_FILE_OFFSET_BITS=64  conftest.c >&5
configure:14261: $? = 0
configure:14322: checking if you want to work around bogus compiler/loader warnings
configure:14332: result: no
configure:14604: checking if you want to enable runtime assertions
configure:14614: result: no
configure:14630: checking if you want to use dmalloc for testing
configure:14647: result: no
configure:14862: checking if you want to use dbmalloc for testing
configure:14879: result: no
configure:15094: checking if you want to use valgrind for testing
configure:15111: result: no
configure:15224: checking if you want to perform memory-leak testing
configure:15234: result: no
configure:15286: checking whether to add trace feature to all models
configure:15296: result: no
configure:15410: checking if we want to use GNAT projects
configure:15427: result: yes
configure:15437: checking for gettimeofday
configure:15474: gcc -o conftest -g -O2  -D_GNU_SOURCE -D_DEFAULT_SOURCE -D_FILE_OFFSET_BITS=64  -DNDEBUG  conftest.c  >&5
configure:15477: $? = 0
configure:15480: test -s conftest
configure:15483: $? = 0
configure:15493: result: yes
configure:15580: checking if -lm needed for math functions
configure:15603: gcc -o conftest -g -O2  -D_GNU_SOURCE -D_DEFAULT_SOURCE -D_FILE_OFFSET_BITS=64  -DNDEBUG  conftest.c  >&5
/tmp/ccBLGsTF.o: In function `main':
/root/Bela/projects/ncurses/ncurses-6.1-20180428/configure:15596: undefined reference to `sin'
/root/Bela/projects/ncurses/ncurses-6.1-20180428/configure:15596: undefined reference to `pow'
collect2: error: ld returned 1 exit status
configure:15606: $? = 1
configure: failed program was:
#line 15587 "configure"
#include "confdefs.h"

	#include <stdio.h>
	#include <stdlib.h>
	#include <math.h>

int
main (void)
{
double x = rand(); printf("result = %g\n", pow(sin(x),x))
  ;
  return 0;
}
configure:15622: result: yes
configure:15630: checking for ANSI C header files
configure:15758: result: yes
configure:15771: checking for dirent.h that defines DIR
configure:15792: gcc -c -g -O2  -D_GNU_SOURCE -D_DEFAULT_SOURCE -D_FILE_OFFSET_BITS=64  -DNDEBUG conftest.c >&5
configure:15795: $? = 0
configure:15798: test -s conftest.o
configure:15801: $? = 0
configure:15811: result: yes
configure:15824: checking for opendir in -ldir
configure:15851: gcc -o conftest -g -O2  -D_GNU_SOURCE -D_DEFAULT_SOURCE -D_FILE_OFFSET_BITS=64  -DNDEBUG  conftest.c -ldir   >&5
/usr/bin/ld: cannot find -ldir
collect2: error: ld returned 1 exit status
configure:15854: $? = 1
configure: failed program was:
#line 15832 "configure"
#include "confdefs.h"

/* Override any gcc2 internal prototype to avoid an error.  */
#ifdef __cplusplus
extern "C"
#endif
/* We use char because int might match the return type of a gcc2
   builtin and then its argument prototype would still apply.  */
char opendir ();
int
main (void)
{
opendir ();
  ;
  return 0;
}
configure:15871: result: no
configure:15933: checking whether time.h and sys/time.h may both be included
configure:15955: gcc -c -g -O2  -D_GNU_SOURCE -D_DEFAULT_SOURCE -D_FILE_OFFSET_BITS=64  -DNDEBUG conftest.c >&5
configure:15958: $? = 0
configure:15961: test -s conftest.o
configure:15964: $? = 0
configure:15974: result: yes
configure:15993: checking for regcomp
configure:16030: gcc -o conftest -g -O2  -D_GNU_SOURCE -D_DEFAULT_SOURCE -D_FILE_OFFSET_BITS=64  -DNDEBUG  conftest.c  >&5
configure:16033: $? = 0
configure:16036: test -s conftest
configure:16039: $? = 0
configure:16049: result: yes
configure:16275: checking for regular-expression headers
configure:16346: gcc -o conftest -g -O2  -D_GNU_SOURCE -D_DEFAULT_SOURCE -D_FILE_OFFSET_BITS=64  -DNDEBUG  conftest.c  >&5
configure:16349: $? = 0
configure:16352: test -s conftest
configure:16355: $? = 0
configure:16371: result: regex.h
configure:16414: checking for fcntl.h
configure:16424: gcc -E  -D_GNU_SOURCE -D_DEFAULT_SOURCE -D_FILE_OFFSET_BITS=64  -DNDEBUG conftest.c
configure:16430: $? = 0
configure:16449: result: yes
configure:16414: checking for getopt.h
configure:16424: gcc -E  -D_GNU_SOURCE -D_DEFAULT_SOURCE -D_FILE_OFFSET_BITS=64  -DNDEBUG conftest.c
configure:16430: $? = 0
configure:16449: result: yes
configure:16414: checking for limits.h
configure:16424: gcc -E  -D_GNU_SOURCE -D_DEFAULT_SOURCE -D_FILE_OFFSET_BITS=64  -DNDEBUG conftest.c
configure:16430: $? = 0
configure:16449: result: yes
configure:16414: checking for locale.h
configure:16424: gcc -E  -D_GNU_SOURCE -D_DEFAULT_SOURCE -D_FILE_OFFSET_BITS=64  -DNDEBUG conftest.c
configure:16430: $? = 0
configure:16449: result: yes
configure:16414: checking for math.h
configure:16424: gcc -E  -D_GNU_SOURCE -D_DEFAULT_SOURCE -D_FILE_OFFSET_BITS=64  -DNDEBUG conftest.c
configure:16430: $? = 0
configure:16449: result: yes
configure:16414: checking for poll.h
configure:16424: gcc -E  -D_GNU_SOURCE -D_DEFAULT_SOURCE -D_FILE_OFFSET_BITS=64  -DNDEBUG conftest.c
configure:16430: $? = 0
configure:16449: result: yes
configure:16414: checking for sys/bsdtypes.h
configure:16424: gcc -E  -D_GNU_SOURCE -D_DEFAULT_SOURCE -D_FILE_OFFSET_BITS=64  -DNDEBUG conftest.c
configure:16421:26: fatal error: sys/bsdtypes.h: No such file or directory
 #include "confdefs.h"
                          ^
compilation terminated.
configure:16430: $? = 1
configure: failed program was:
#line 16420 "configure"
#include "confdefs.h"
#include <sys/bsdtypes.h>
configure:16449: result: no
configure:16414: checking for sys/ioctl.h
configure:16424: gcc -E  -D_GNU_SOURCE -D_DEFAULT_SOURCE -D_FILE_OFFSET_BITS=64  -DNDEBUG conftest.c
configure:16430: $? = 0
configure:16449: result: yes
configure:16414: checking for sys/param.h
configure:16424: gcc -E  -D_GNU_SOURCE -D_DEFAULT_SOURCE -D_FILE_OFFSET_BITS=64  -DNDEBUG conftest.c
configure:16430: $? = 0
configure:16449: result: yes
configure:16414: checking for sys/poll.h
configure:16424: gcc -E  -D_GNU_SOURCE -D_DEFAULT_SOURCE -D_FILE_OFFSET_BITS=64  -DNDEBUG conftest.c
configure:16430: $? = 0
configure:16449: result: yes
configure:16414: checking for sys/select.h
configure:16424: gcc -E  -D_GNU_SOURCE -D_DEFAULT_SOURCE -D_FILE_OFFSET_BITS=64  -DNDEBUG conftest.c
configure:16430: $? = 0
configure:16449: result: yes
configure:16414: checking for sys/time.h
configure:16424: gcc -E  -D_GNU_SOURCE -D_DEFAULT_SOURCE -D_FILE_OFFSET_BITS=64  -DNDEBUG conftest.c
configure:16430: $? = 0
configure:16449: result: yes
configure:16414: checking for sys/times.h
configure:16424: gcc -E  -D_GNU_SOURCE -D_DEFAULT_SOURCE -D_FILE_OFFSET_BITS=64  -DNDEBUG conftest.c
configure:16430: $? = 0
configure:16449: result: yes
configure:16414: checking for ttyent.h
configure:16424: gcc -E  -D_GNU_SOURCE -D_DEFAULT_SOURCE -D_FILE_OFFSET_BITS=64  -DNDEBUG conftest.c
configure:16430: $? = 0
configure:16449: result: yes
configure:16414: checking for unistd.h
configure:16449: result: yes
configure:16414: checking for wctype.h
configure:16424: gcc -E  -D_GNU_SOURCE -D_DEFAULT_SOURCE -D_FILE_OFFSET_BITS=64  -DNDEBUG conftest.c
configure:16430: $? = 0
configure:16449: result: yes
configure:16462: checking for unistd.h
configure:16497: result: yes
configure:16462: checking for getopt.h
configure:16497: result: yes
configure:16507: checking for header declaring getopt variables
configure:16530: gcc -c -g -O2  -D_GNU_SOURCE -D_DEFAULT_SOURCE -D_FILE_OFFSET_BITS=64  -DNDEBUG conftest.c >&5
configure: In function 'main':
configure:16523:9: error: 'optind' undeclared (first use in this function)
 {
         ^     
configure:16523:9: note: each undeclared identifier is reported only once for each function it appears in
configure:16523:27: error: 'optarg' undeclared (first use in this function)
 {
                           ^     
configure:16533: $? = 1
configure: failed program was:
#line 16517 "configure"
#include "confdefs.h"

#include <stdio.h>
int
main (void)
{
int x = optind; char *y = optarg
  ;
  return 0;
}
configure:16530: gcc -c -g -O2  -D_GNU_SOURCE -D_DEFAULT_SOURCE -D_FILE_OFFSET_BITS=64  -DNDEBUG conftest.c >&5
configure: In function 'main':
configure:16523:9: error: 'optind' undeclared (first use in this function)
 {
         ^     
configure:16523:9: note: each undeclared identifier is reported only once for each function it appears in
configure:16523:27: error: 'optarg' undeclared (first use in this function)
 {
                           ^     
configure:16533: $? = 1
configure: failed program was:
#line 16517 "configure"
#include "confdefs.h"

#include <stdlib.h>
int
main (void)
{
int x = optind; char *y = optarg
  ;
  return 0;
}
configure:16530: gcc -c -g -O2  -D_GNU_SOURCE -D_DEFAULT_SOURCE -D_FILE_OFFSET_BITS=64  -DNDEBUG conftest.c >&5
configure:16533: $? = 0
configure:16536: test -s conftest.o
configure:16539: $? = 0
configure:16551: result: unistd.h
configure:16693: checking if sys/time.h works with sys/select.h
configure:16720: gcc -c -g -O2  -D_GNU_SOURCE -D_DEFAULT_SOURCE -D_FILE_OFFSET_BITS=64  -DNDEBUG conftest.c >&5
configure:16723: $? = 0
configure:16726: test -s conftest.o
configure:16729: $? = 0
configure:16741: result: yes
configure:16756: checking for an ANSI C-conforming const
configure:16820: gcc -c -g -O2  -D_GNU_SOURCE -D_DEFAULT_SOURCE -D_FILE_OFFSET_BITS=64  -DNDEBUG conftest.c >&5
configure:16823: $? = 0
configure:16826: test -s conftest.o
configure:16829: $? = 0
configure:16839: result: yes
configure:16849: checking for inline
configure:16866: gcc -c -g -O2  -D_GNU_SOURCE -D_DEFAULT_SOURCE -D_FILE_OFFSET_BITS=64  -DNDEBUG conftest.c >&5
configure:16869: $? = 0
configure:16872: test -s conftest.o
configure:16875: $? = 0
configure:16886: result: inline
configure:16912: checking if gcc supports options to tune inlining
configure:16933: gcc -c -g -O2 --param max-inline-insns-single=1200  -D_GNU_SOURCE -D_DEFAULT_SOURCE -D_FILE_OFFSET_BITS=64  -DNDEBUG conftest.c >&5
configure:16936: $? = 0
configure:16939: test -s conftest.o
configure:16942: $? = 0
configure:16954: result: yes
configure:17060: checking for signal global datatype
configure:17095: gcc -c -g -O2 --param max-inline-insns-single=1200  -D_GNU_SOURCE -D_DEFAULT_SOURCE -D_FILE_OFFSET_BITS=64  -DNDEBUG conftest.c >&5
configure:17098: $? = 0
configure:17101: test -s conftest.o
configure:17104: $? = 0
configure:17118: result: volatile sig_atomic_t
configure:17207: checking if unsigned literals are legal
configure:17226: gcc -c -g -O2 --param max-inline-insns-single=1200  -D_GNU_SOURCE -D_DEFAULT_SOURCE -D_FILE_OFFSET_BITS=64  -DNDEBUG conftest.c >&5
configure:17229: $? = 0
configure:17232: test -s conftest.o
configure:17235: $? = 0
configure:17247: result: yes
configure:17263: checking if external errno is declared
configure:17288: gcc -c -g -O2 --param max-inline-insns-single=1200  -D_GNU_SOURCE -D_DEFAULT_SOURCE -D_FILE_OFFSET_BITS=64  -DNDEBUG conftest.c >&5
configure:17291: $? = 0
configure:17294: test -s conftest.o
configure:17297: $? = 0
configure:17308: result: yes
configure:17323: checking if external errno exists
configure:17345: gcc -o conftest -g -O2 --param max-inline-insns-single=1200  -D_GNU_SOURCE -D_DEFAULT_SOURCE -D_FILE_OFFSET_BITS=64  -DNDEBUG  conftest.c  >&5
/usr/bin/ld: errno: TLS definition in /lib/arm-linux-gnueabihf/libc.so.6 section .tbss mismatches non-TLS reference in /tmp/ccMcEjX3.o
/lib/arm-linux-gnueabihf/libc.so.6: error adding symbols: Bad value
collect2: error: ld returned 1 exit status
configure:17348: $? = 1
configure: failed program was:
#line 17330 "configure"
#include "confdefs.h"

#undef errno
extern int errno;

int
main (void)
{
errno = 2
  ;
  return 0;
}
configure:17365: result: no
configure:17378: checking if data-only library module links
configure:17389: gcc -c -g -O2 --param max-inline-insns-single=1200  -D_GNU_SOURCE -D_DEFAULT_SOURCE -D_FILE_OFFSET_BITS=64  -DNDEBUG conftest.c >&5
configure:17392: $? = 0
configure:17412: gcc -c -g -O2 --param max-inline-insns-single=1200  -D_GNU_SOURCE -D_DEFAULT_SOURCE -D_FILE_OFFSET_BITS=64  -DNDEBUG conftest.c >&5
configure:17415: $? = 0
configure:17439: gcc -o conftest -g -O2 --param max-inline-insns-single=1200  -D_GNU_SOURCE -D_DEFAULT_SOURCE -D_FILE_OFFSET_BITS=64  -DNDEBUG  conftest.c conftest.a  >&5
configure:17442: $? = 0
configure:17444: ./conftest
configure:17447: $? = 0
configure:17462: result: yes
configure:17503: checking for getcwd
configure:17540: gcc -o conftest -g -O2 --param max-inline-insns-single=1200  -D_GNU_SOURCE -D_DEFAULT_SOURCE -D_FILE_OFFSET_BITS=64  -DNDEBUG  conftest.c  >&5
configure:17543: $? = 0
configure:17546: test -s conftest
configure:17549: $? = 0
configure:17559: result: yes
configure:17503: checking for getegid
configure:17540: gcc -o conftest -g -O2 --param max-inline-insns-single=1200  -D_GNU_SOURCE -D_DEFAULT_SOURCE -D_FILE_OFFSET_BITS=64  -DNDEBUG  conftest.c  >&5
configure:17543: $? = 0
configure:17546: test -s conftest
configure:17549: $? = 0
configure:17559: result: yes
configure:17503: checking for geteuid
configure:17540: gcc -o conftest -g -O2 --param max-inline-insns-single=1200  -D_GNU_SOURCE -D_DEFAULT_SOURCE -D_FILE_OFFSET_BITS=64  -DNDEBUG  conftest.c  >&5
configure:17543: $? = 0
configure:17546: test -s conftest
configure:17549: $? = 0
configure:17559: result: yes
configure:17503: checking for getopt
configure:17540: gcc -o conftest -g -O2 --param max-inline-insns-single=1200  -D_GNU_SOURCE -D_DEFAULT_SOURCE -D_FILE_OFFSET_BITS=64  -DNDEBUG  conftest.c  >&5
configure:17543: $? = 0
configure:17546: test -s conftest
configure:17549: $? = 0
configure:17559: result: yes
configure:17503: checking for getttynam
configure:17540: gcc -o conftest -g -O2 --param max-inline-insns-single=1200  -D_GNU_SOURCE -D_DEFAULT_SOURCE -D_FILE_OFFSET_BITS=64  -DNDEBUG  conftest.c  >&5
configure:17543: $? = 0
configure:17546: test -s conftest
configure:17549: $? = 0
configure:17559: result: yes
configure:17503: checking for issetugid
configure:17540: gcc -o conftest -g -O2 --param max-inline-insns-single=1200  -D_GNU_SOURCE -D_DEFAULT_SOURCE -D_FILE_OFFSET_BITS=64  -DNDEBUG  conftest.c  >&5
/tmp/ccwJ4ozm.o: In function `main':
/root/Bela/projects/ncurses/ncurses-6.1-20180428/configure:17536: undefined reference to `issetugid'
collect2: error: ld returned 1 exit status
configure:17543: $? = 1
configure: failed program was:
#line 17509 "configure"
#include "confdefs.h"
/* System header to define __stub macros and hopefully few prototypes,
    which can conflict with char issetugid (); below.  */
#include <assert.h>
/* Override any gcc2 internal prototype to avoid an error.  */
#ifdef __cplusplus
extern "C"
#endif
/* We use char because int might match the return type of a gcc2
   builtin and then its argument prototype would still apply.  */
char issetugid ();
char (*f) ();

int
main (void)
{
/* The GNU C library defines this for functions which it implements
    to always fail with ENOSYS.  Some functions are actually named
    something starting with __ and the normal name is an alias.  */
#if defined (__stub_issetugid) || defined (__stub___issetugid)
choke me
#else
f = issetugid; /* workaround for ICC 12.0.3 */ if (f == 0) return 1;
#endif

  ;
  return 0;
}
configure:17559: result: no
configure:17503: checking for poll
configure:17540: gcc -o conftest -g -O2 --param max-inline-insns-single=1200  -D_GNU_SOURCE -D_DEFAULT_SOURCE -D_FILE_OFFSET_BITS=64  -DNDEBUG  conftest.c  >&5
configure:17543: $? = 0
configure:17546: test -s conftest
configure:17549: $? = 0
configure:17559: result: yes
configure:17503: checking for putenv
configure:17540: gcc -o conftest -g -O2 --param max-inline-insns-single=1200  -D_GNU_SOURCE -D_DEFAULT_SOURCE -D_FILE_OFFSET_BITS=64  -DNDEBUG  conftest.c  >&5
configure:17543: $? = 0
configure:17546: test -s conftest
configure:17549: $? = 0
configure:17559: result: yes
configure:17503: checking for remove
configure:17559: result: yes
configure:17503: checking for select
configure:17540: gcc -o conftest -g -O2 --param max-inline-insns-single=1200  -D_GNU_SOURCE -D_DEFAULT_SOURCE -D_FILE_OFFSET_BITS=64  -DNDEBUG  conftest.c  >&5
configure:17543: $? = 0
configure:17546: test -s conftest
configure:17549: $? = 0
configure:17559: result: yes
configure:17503: checking for setbuf
configure:17540: gcc -o conftest -g -O2 --param max-inline-insns-single=1200  -D_GNU_SOURCE -D_DEFAULT_SOURCE -D_FILE_OFFSET_BITS=64  -DNDEBUG  conftest.c  >&5
configure:17543: $? = 0
configure:17546: test -s conftest
configure:17549: $? = 0
configure:17559: result: yes
configure:17503: checking for setbuffer
configure:17540: gcc -o conftest -g -O2 --param max-inline-insns-single=1200  -D_GNU_SOURCE -D_DEFAULT_SOURCE -D_FILE_OFFSET_BITS=64  -DNDEBUG  conftest.c  >&5
configure:17543: $? = 0
configure:17546: test -s conftest
configure:17549: $? = 0
configure:17559: result: yes
configure:17503: checking for setenv
configure:17540: gcc -o conftest -g -O2 --param max-inline-insns-single=1200  -D_GNU_SOURCE -D_DEFAULT_SOURCE -D_FILE_OFFSET_BITS=64  -DNDEBUG  conftest.c  >&5
configure:17543: $? = 0
configure:17546: test -s conftest
configure:17549: $? = 0
configure:17559: result: yes
configure:17503: checking for setvbuf
configure:17540: gcc -o conftest -g -O2 --param max-inline-insns-single=1200  -D_GNU_SOURCE -D_DEFAULT_SOURCE -D_FILE_OFFSET_BITS=64  -DNDEBUG  conftest.c  >&5
configure:17543: $? = 0
configure:17546: test -s conftest
configure:17549: $? = 0
configure:17559: result: yes
configure:17503: checking for sigaction
configure:17540: gcc -o conftest -g -O2 --param max-inline-insns-single=1200  -D_GNU_SOURCE -D_DEFAULT_SOURCE -D_FILE_OFFSET_BITS=64  -DNDEBUG  conftest.c  >&5
configure:17543: $? = 0
configure:17546: test -s conftest
configure:17549: $? = 0
configure:17559: result: yes
configure:17503: checking for sigvec
configure:17540: gcc -o conftest -g -O2 --param max-inline-insns-single=1200  -D_GNU_SOURCE -D_DEFAULT_SOURCE -D_FILE_OFFSET_BITS=64  -DNDEBUG  conftest.c  >&5
/tmp/ccivYNTn.o: In function `main':
/root/Bela/projects/ncurses/ncurses-6.1-20180428/configure:17536: undefined reference to `sigvec'
collect2: error: ld returned 1 exit status
configure:17543: $? = 1
configure: failed program was:
#line 17509 "configure"
#include "confdefs.h"
/* System header to define __stub macros and hopefully few prototypes,
    which can conflict with char sigvec (); below.  */
#include <assert.h>
/* Override any gcc2 internal prototype to avoid an error.  */
#ifdef __cplusplus
extern "C"
#endif
/* We use char because int might match the return type of a gcc2
   builtin and then its argument prototype would still apply.  */
char sigvec ();
char (*f) ();

int
main (void)
{
/* The GNU C library defines this for functions which it implements
    to always fail with ENOSYS.  Some functions are actually named
    something starting with __ and the normal name is an alias.  */
#if defined (__stub_sigvec) || defined (__stub___sigvec)
choke me
#else
f = sigvec; /* workaround for ICC 12.0.3 */ if (f == 0) return 1;
#endif

  ;
  return 0;
}
configure:17559: result: no
configure:17503: checking for strdup
configure:17540: gcc -o conftest -g -O2 --param max-inline-insns-single=1200  -D_GNU_SOURCE -D_DEFAULT_SOURCE -D_FILE_OFFSET_BITS=64  -DNDEBUG  conftest.c  >&5
configure:17519:6: warning: conflicting types for built-in function 'strdup'
    builtin and then its argument prototype would still apply.  */
      ^~~~~~
configure:17543: $? = 0
configure:17546: test -s conftest
configure:17549: $? = 0
configure:17559: result: yes
configure:17503: checking for strstr
configure:17540: gcc -o conftest -g -O2 --param max-inline-insns-single=1200  -D_GNU_SOURCE -D_DEFAULT_SOURCE -D_FILE_OFFSET_BITS=64  -DNDEBUG  conftest.c  >&5
configure:17519:6: warning: conflicting types for built-in function 'strstr'
    builtin and then its argument prototype would still apply.  */
      ^~~~~~
configure:17543: $? = 0
configure:17546: test -s conftest
configure:17549: $? = 0
configure:17559: result: yes
configure:17503: checking for tcgetpgrp
configure:17540: gcc -o conftest -g -O2 --param max-inline-insns-single=1200  -D_GNU_SOURCE -D_DEFAULT_SOURCE -D_FILE_OFFSET_BITS=64  -DNDEBUG  conftest.c  >&5
configure:17543: $? = 0
configure:17546: test -s conftest
configure:17549: $? = 0
configure:17559: result: yes
configure:17503: checking for tdestroy
configure:17540: gcc -o conftest -g -O2 --param max-inline-insns-single=1200  -D_GNU_SOURCE -D_DEFAULT_SOURCE -D_FILE_OFFSET_BITS=64  -DNDEBUG  conftest.c  >&5
configure:17543: $? = 0
configure:17546: test -s conftest
configure:17549: $? = 0
configure:17559: result: yes
configure:17503: checking for times
configure:17540: gcc -o conftest -g -O2 --param max-inline-insns-single=1200  -D_GNU_SOURCE -D_DEFAULT_SOURCE -D_FILE_OFFSET_BITS=64  -DNDEBUG  conftest.c  >&5
configure:17543: $? = 0
configure:17546: test -s conftest
configure:17549: $? = 0
configure:17559: result: yes
configure:17503: checking for tsearch
configure:17540: gcc -o conftest -g -O2 --param max-inline-insns-single=1200  -D_GNU_SOURCE -D_DEFAULT_SOURCE -D_FILE_OFFSET_BITS=64  -DNDEBUG  conftest.c  >&5
configure:17543: $? = 0
configure:17546: test -s conftest
configure:17549: $? = 0
configure:17559: result: yes
configure:17503: checking for vsnprintf
configure:17540: gcc -o conftest -g -O2 --param max-inline-insns-single=1200  -D_GNU_SOURCE -D_DEFAULT_SOURCE -D_FILE_OFFSET_BITS=64  -DNDEBUG  conftest.c  >&5
configure:17519:6: warning: conflicting types for built-in function 'vsnprintf'
    builtin and then its argument prototype would still apply.  */
      ^~~~~~~~~
configure:17543: $? = 0
configure:17546: test -s conftest
configure:17549: $? = 0
configure:17559: result: yes
configure:17714: checking for isascii
configure:17733: gcc -o conftest -g -O2 --param max-inline-insns-single=1200  -D_GNU_SOURCE -D_DEFAULT_SOURCE -D_FILE_OFFSET_BITS=64  -DNDEBUG  conftest.c  >&5
configure:17736: $? = 0
configure:17739: test -s conftest
configure:17742: $? = 0
configure:17753: result: yes
configure:17761: checking whether sigaction needs _POSIX_SOURCE
configure:17778: gcc -c -g -O2 --param max-inline-insns-single=1200  -D_GNU_SOURCE -D_DEFAULT_SOURCE -D_FILE_OFFSET_BITS=64  -DNDEBUG conftest.c >&5
configure:17781: $? = 0
configure:17784: test -s conftest.o
configure:17787: $? = 0
configure:17835: result: no
configure:17839: checking if nanosleep really works
configure:17874: gcc -o conftest -g -O2 --param max-inline-insns-single=1200  -D_GNU_SOURCE -D_DEFAULT_SOURCE -D_FILE_OFFSET_BITS=64  -DNDEBUG  conftest.c  >&5
configure:17877: $? = 0
configure:17879: ./conftest
configure:17882: $? = 0
configure:17894: result: yes
configure:17909: checking for termio.h
configure:17919: gcc -E  -D_GNU_SOURCE -D_DEFAULT_SOURCE -D_FILE_OFFSET_BITS=64  -DNDEBUG conftest.c
configure:17925: $? = 0
configure:17944: result: yes
configure:17909: checking for termios.h
configure:17919: gcc -E  -D_GNU_SOURCE -D_DEFAULT_SOURCE -D_FILE_OFFSET_BITS=64  -DNDEBUG conftest.c
configure:17925: $? = 0
configure:17944: result: yes
configure:17909: checking for unistd.h
configure:17944: result: yes
configure:18012: checking whether termios.h needs _POSIX_SOURCE
configure:18027: gcc -c -g -O2 --param max-inline-insns-single=1200  -D_GNU_SOURCE -D_DEFAULT_SOURCE -D_FILE_OFFSET_BITS=64  -DNDEBUG conftest.c >&5
configure:18030: $? = 0
configure:18033: test -s conftest.o
configure:18036: $? = 0
configure:18083: result: no
configure:18088: checking for tcgetattr
configure:18123: gcc -o conftest -g -O2 --param max-inline-insns-single=1200  -D_GNU_SOURCE -D_DEFAULT_SOURCE -D_FILE_OFFSET_BITS=64  -DNDEBUG  conftest.c  >&5
configure:18126: $? = 0
configure:18129: test -s conftest
configure:18132: $? = 0
configure:18142: result: yes
configure:18149: checking for vsscanf function or workaround
configure:18172: gcc -o conftest -g -O2 --param max-inline-insns-single=1200  -D_GNU_SOURCE -D_DEFAULT_SOURCE -D_FILE_OFFSET_BITS=64  -DNDEBUG  conftest.c  >&5
configure:18175: $? = 0
configure:18178: test -s conftest
configure:18181: $? = 0
configure:18274: result: vsscanf
configure:18300: checking for unistd.h
configure:18335: result: yes
configure:18345: checking for working mkstemp
configure:18397: gcc -o conftest -g -O2 --param max-inline-insns-single=1200  -D_GNU_SOURCE -D_DEFAULT_SOURCE -D_FILE_OFFSET_BITS=64  -DNDEBUG  conftest.c  >&5
configure:18400: $? = 0
configure:18402: ./conftest
configure:18405: $? = 0
configure:18420: result: yes
configure:18503: checking whether setvbuf arguments are reversed
configure:18531: gcc -o conftest -g -O2 --param max-inline-insns-single=1200  -D_GNU_SOURCE -D_DEFAULT_SOURCE -D_FILE_OFFSET_BITS=64  -DNDEBUG  conftest.c  >&5
configure: In function 'main':
configure:18523:23: warning: passing argument 2 of 'setvbuf' makes pointer from integer without a cast [-Wint-conversion]
      is not _IOLBF, _IONBF, or _IOFBF, and return nonzero.  */
                       ^~~~~~
In file included from configure:18515:0:
/usr/include/stdio.h:338:12: note: expected 'char * restrict' but argument is of type 'int'
 extern int setvbuf (FILE *__restrict __stream, char *__restrict __buf,
            ^~~~~~~
configure:18523:31: warning: passing argument 3 of 'setvbuf' makes integer from pointer without a cast [-Wint-conversion]
      is not _IOLBF, _IONBF, or _IOFBF, and return nonzero.  */
                               ^
In file included from configure:18515:0:
/usr/include/stdio.h:338:12: note: expected 'int' but argument is of type 'char *'
 extern int setvbuf (FILE *__restrict __stream, char *__restrict __buf,
            ^~~~~~~
configure:18534: $? = 0
configure:18536: ./conftest
configure:18539: $? = 1
configure: program exited with status 1
configure: failed program was:
#line 18514 "configure"
#include "confdefs.h"
#include <stdio.h>
/* If setvbuf has the reversed format, exit 0. */
int
main (void)
{
  /* This call has the arguments reversed.
     A reversed system may check and see that the address of main
     is not _IOLBF, _IONBF, or _IOFBF, and return nonzero.  */
  if (setvbuf(stdout, _IOLBF, (char *) main, BUFSIZ) != 0)
    return(1);
  putc('\r', stdout);
  return(0);			/* Non-reversed systems segv here.  */
}
configure:18552: result: no
configure:18563: checking for intptr_t
configure:18584: gcc -c -g -O2 --param max-inline-insns-single=1200  -D_GNU_SOURCE -D_DEFAULT_SOURCE -D_FILE_OFFSET_BITS=64  -DNDEBUG conftest.c >&5
configure:18587: $? = 0
configure:18590: test -s conftest.o
configure:18593: $? = 0
configure:18603: result: yes
configure:18615: checking for ssize_t
configure:18636: gcc -c -g -O2 --param max-inline-insns-single=1200  -D_GNU_SOURCE -D_DEFAULT_SOURCE -D_FILE_OFFSET_BITS=64  -DNDEBUG conftest.c >&5
configure:18639: $? = 0
configure:18642: test -s conftest.o
configure:18645: $? = 0
configure:18655: result: yes
configure:18667: checking for type sigaction_t
configure:18687: gcc -c -g -O2 --param max-inline-insns-single=1200  -D_GNU_SOURCE -D_DEFAULT_SOURCE -D_FILE_OFFSET_BITS=64  -DNDEBUG conftest.c >&5
configure: In function 'main':
configure:18680:1: error: unknown type name 'sigaction_t'
 {
 ^          
configure:18690: $? = 1
configure: failed program was:
#line 18674 "configure"
#include "confdefs.h"

#include <signal.h>
int
main (void)
{
sigaction_t x
  ;
  return 0;
}
configure:18707: result: no
configure:18714: checking declaration of size-change
configure:18773: gcc -c -g -O2 --param max-inline-insns-single=1200  -D_GNU_SOURCE -D_DEFAULT_SOURCE -D_FILE_OFFSET_BITS=64  -DNDEBUG conftest.c >&5
configure:18776: $? = 0
configure:18779: test -s conftest.o
configure:18782: $? = 0
size-change succeeded ()
configure:18801: result: yes
configure:18819: checking for memmove
configure:18856: gcc -o conftest -g -O2 --param max-inline-insns-single=1200  -D_GNU_SOURCE -D_DEFAULT_SOURCE -D_FILE_OFFSET_BITS=64  -DNDEBUG  conftest.c  >&5
configure:18835:6: warning: conflicting types for built-in function 'memmove'
    builtin and then its argument prototype would still apply.  */
      ^~~~~~~
configure:18859: $? = 0
configure:18862: test -s conftest
configure:18865: $? = 0
configure:18875: result: yes
configure:19079: checking if poll really works
configure:19141: gcc -o conftest -g -O2 --param max-inline-insns-single=1200  -D_GNU_SOURCE -D_DEFAULT_SOURCE -D_FILE_OFFSET_BITS=64  -DNDEBUG  conftest.c  >&5
configure:19144: $? = 0
configure:19146: ./conftest
configure:19149: $? = 0
configure:19161: result: yes
configure:19168: checking for va_copy
configure:19192: gcc -o conftest -g -O2 --param max-inline-insns-single=1200  -D_GNU_SOURCE -D_DEFAULT_SOURCE -D_FILE_OFFSET_BITS=64  -DNDEBUG  conftest.c  >&5
configure:19195: $? = 0
configure:19198: test -s conftest
configure:19201: $? = 0
configure:19211: result: yes
configure:19219: checking for __va_copy
configure:19243: gcc -o conftest -g -O2 --param max-inline-insns-single=1200  -D_GNU_SOURCE -D_DEFAULT_SOURCE -D_FILE_OFFSET_BITS=64  -DNDEBUG  conftest.c  >&5
configure:19246: $? = 0
configure:19249: test -s conftest
configure:19252: $? = 0
configure:19262: result: yes
configure:19270: checking for pid_t
configure:19291: gcc -c -g -O2 --param max-inline-insns-single=1200  -D_GNU_SOURCE -D_DEFAULT_SOURCE -D_FILE_OFFSET_BITS=64  -DNDEBUG conftest.c >&5
configure:19294: $? = 0
configure:19297: test -s conftest.o
configure:19300: $? = 0
configure:19310: result: yes
configure:19325: checking for unistd.h
configure:19360: result: yes
configure:19325: checking for vfork.h
configure:19335: gcc -E  -D_GNU_SOURCE -D_DEFAULT_SOURCE -D_FILE_OFFSET_BITS=64  -DNDEBUG conftest.c
configure:19332:19: fatal error: vfork.h: No such file or directory
 #include "confdefs.h"
                   ^
compilation terminated.
configure:19341: $? = 1
configure: failed program was:
#line 19331 "configure"
#include "confdefs.h"
#include <vfork.h>
configure:19360: result: no
configure:19373: checking for fork
configure:19410: gcc -o conftest -g -O2 --param max-inline-insns-single=1200  -D_GNU_SOURCE -D_DEFAULT_SOURCE -D_FILE_OFFSET_BITS=64  -DNDEBUG  conftest.c  >&5
configure:19389:6: warning: conflicting types for built-in function 'fork'
    builtin and then its argument prototype would still apply.  */
      ^~~~
configure:19413: $? = 0
configure:19416: test -s conftest
configure:19419: $? = 0
configure:19429: result: yes
configure:19373: checking for vfork
configure:19410: gcc -o conftest -g -O2 --param max-inline-insns-single=1200  -D_GNU_SOURCE -D_DEFAULT_SOURCE -D_FILE_OFFSET_BITS=64  -DNDEBUG  conftest.c  >&5
configure:19413: $? = 0
configure:19416: test -s conftest
configure:19419: $? = 0
configure:19429: result: yes
configure:19441: checking for working fork
configure:19484: result: yes
configure:19503: checking for working vfork
configure:19629: result: yes
configure:19662: checking for openpty in -lutil
configure:19689: gcc -o conftest -g -O2 --param max-inline-insns-single=1200  -D_GNU_SOURCE -D_DEFAULT_SOURCE -D_FILE_OFFSET_BITS=64  -DNDEBUG  conftest.c -lutil   >&5
configure:19692: $? = 0
configure:19695: test -s conftest
configure:19698: $? = 0
configure:19709: result: yes
configure:19717: checking for openpty header
configure:19761: gcc -o conftest -g -O2 --param max-inline-insns-single=1200  -D_GNU_SOURCE -D_DEFAULT_SOURCE -D_FILE_OFFSET_BITS=64  -DNDEBUG  conftest.c -lutil >&5
configure:19764: $? = 0
configure:19767: test -s conftest
configure:19770: $? = 0
configure:19788: result: pty.h
configure:20424: checking if we should include stdbool.h
configure:20444: gcc -c -O2 --param max-inline-insns-single=1200  -D_GNU_SOURCE -D_DEFAULT_SOURCE -D_FILE_OFFSET_BITS=64  -DNDEBUG conftest.c >&5
configure: In function 'main':
configure:20437:1: error: unknown type name 'bool'
 {
 ^   
configure:20437:12: error: 'false' undeclared (first use in this function)
 {
            ^    
configure:20437:12: note: each undeclared identifier is reported only once for each function it appears in
configure:20447: $? = 1
configure: failed program was:
#line 20432 "configure"
#include "confdefs.h"

int
main (void)
{
bool foo = false
  ;
  return 0;
}
configure:20476: gcc -c -O2 --param max-inline-insns-single=1200  -D_GNU_SOURCE -D_DEFAULT_SOURCE -D_FILE_OFFSET_BITS=64  -DNDEBUG conftest.c >&5
configure:20479: $? = 0
configure:20482: test -s conftest.o
configure:20485: $? = 0
configure:20499: result: yes
configure:20505: checking for builtin bool type
configure:20528: gcc -c -O2 --param max-inline-insns-single=1200  -D_GNU_SOURCE -D_DEFAULT_SOURCE -D_FILE_OFFSET_BITS=64  -DNDEBUG conftest.c >&5
configure: In function 'main':
configure:20521:1: error: unknown type name 'bool'
 {
 ^   
configure:20521:10: error: 'false' undeclared (first use in this function)
 {
          ^    
configure:20521:10: note: each undeclared identifier is reported only once for each function it appears in
configure:20531: $? = 1
configure: failed program was:
#line 20513 "configure"
#include "confdefs.h"

#include <stdio.h>
#include <sys/types.h>

int
main (void)
{
bool x = false
  ;
  return 0;
}
configure:20552: result: no
configure:20569: checking if we already have C++ library
configure:20586: /usr/bin/g++ -o conftest -O2  -D_GNU_SOURCE -D_DEFAULT_SOURCE -D_FILE_OFFSET_BITS=64  -DNDEBUG  conftest.cc   >&5
configure:20589: $? = 0
configure:20592: test -s conftest
configure:20595: $? = 0
configure:20604: result: yes
configure:20706: checking whether /usr/bin/g++ understands -c and -o together
configure:20721: /usr/bin/g++ -O2  -D_GNU_SOURCE -D_DEFAULT_SOURCE -D_FILE_OFFSET_BITS=64  -DNDEBUG -c conftest.cc -o conftest2.o >&5
configure:20724: $? = 0
configure:20726: /usr/bin/g++ -O2  -D_GNU_SOURCE -D_DEFAULT_SOURCE -D_FILE_OFFSET_BITS=64  -DNDEBUG -c conftest.cc -o conftest2.o >&5
configure:20729: $? = 0
configure:20740: result: yes
configure:20916: checking how to run the C++ preprocessor
configure:20938: /usr/bin/g++ -E  -D_GNU_SOURCE -D_DEFAULT_SOURCE -D_FILE_OFFSET_BITS=64  -DNDEBUG conftest.cc
configure:20944: $? = 0
configure:20971: /usr/bin/g++ -E  -D_GNU_SOURCE -D_DEFAULT_SOURCE -D_FILE_OFFSET_BITS=64  -DNDEBUG conftest.cc
configure:20968:28: fatal error: ac_nonexistent.h: No such file or directory
 #include "confdefs.h"
                            ^
compilation terminated.
configure:20977: $? = 1
configure: failed program was:
#line 20967 "configure"
#include "confdefs.h"
#include <ac_nonexistent.h>
configure:21014: result: /usr/bin/g++ -E
configure:21029: /usr/bin/g++ -E  -D_GNU_SOURCE -D_DEFAULT_SOURCE -D_FILE_OFFSET_BITS=64  -DNDEBUG conftest.cc
configure:21035: $? = 0
configure:21062: /usr/bin/g++ -E  -D_GNU_SOURCE -D_DEFAULT_SOURCE -D_FILE_OFFSET_BITS=64  -DNDEBUG conftest.cc
configure:21059:28: fatal error: ac_nonexistent.h: No such file or directory
 #include "confdefs.h"
                            ^
compilation terminated.
configure:21068: $? = 1
configure: failed program was:
#line 21058 "configure"
#include "confdefs.h"
#include <ac_nonexistent.h>
configure:21111: checking for typeinfo
configure:21121: /usr/bin/g++ -E  -D_GNU_SOURCE -D_DEFAULT_SOURCE -D_FILE_OFFSET_BITS=64  -DNDEBUG conftest.cc
configure:21127: $? = 0
configure:21146: result: yes
configure:21159: checking for iostream
configure:21169: /usr/bin/g++ -E  -D_GNU_SOURCE -D_DEFAULT_SOURCE -D_FILE_OFFSET_BITS=64  -DNDEBUG conftest.cc
configure:21175: $? = 0
configure:21194: result: yes
configure:21205: checking if iostream uses std-namespace
configure:21225: /usr/bin/g++ -c -O2  -D_GNU_SOURCE -D_DEFAULT_SOURCE -D_FILE_OFFSET_BITS=64  -DNDEBUG conftest.cc >&5
configure:21228: $? = 0
configure:21231: test -s conftest.o
configure:21234: $? = 0
configure:21243: result: yes
configure:21254: checking if we should include stdbool.h
configure:21329: result: yes
configure:21335: checking for builtin bool type
configure:21358: /usr/bin/g++ -c -O2  -D_GNU_SOURCE -D_DEFAULT_SOURCE -D_FILE_OFFSET_BITS=64  -DNDEBUG conftest.cc >&5
configure:21361: $? = 0
configure:21364: test -s conftest.o
configure:21367: $? = 0
configure:21380: result: yes
configure:21386: checking for size of bool
configure:21439: /usr/bin/g++ -o conftest -O2  -D_GNU_SOURCE -D_DEFAULT_SOURCE -D_FILE_OFFSET_BITS=64  -DNDEBUG  conftest.cc  >&5
configure:21442: $? = 0
configure:21444: ./conftest
configure:21447: $? = 0
configure:21465: result: unsigned char
configure:21476: checking for special defines needed for etip.h
configure:21508: /usr/bin/g++ -c -O2 -I./c++ -I./menu -Iinclude -I./include  -D_GNU_SOURCE -D_DEFAULT_SOURCE -D_FILE_OFFSET_BITS=64  -DNDEBUG conftest.cc >&5
configure:21511: $? = 0
configure:21514: test -s conftest.o
configure:21517: $? = 0
configure:21538: result:  
configure:21543: checking if /usr/bin/g++ accepts parameter initialization
configure:21579: /usr/bin/g++ -o conftest -O2  -D_GNU_SOURCE -D_DEFAULT_SOURCE -D_FILE_OFFSET_BITS=64  -DNDEBUG  conftest.cc  >&5
configure:21570:21: error: default argument given for parameter 1 of 'TEST::TEST(int)' [-fpermissive]
 
                     ^
configure:21566:2: note: previous specification in 'TEST::TEST(int)' here
 public:
  ^~~~
configure:21582: $? = 1
configure: program exited with status 1
configure: failed program was:
#line 21560 "configure"
#include "confdefs.h"

class TEST {
private:
	int value;
public:
	TEST(int x = 1);
	~TEST();
};

TEST::TEST(int x = 1)	// some compilers do not like second initializer
{
	value = x;
}
int main(void) { }

configure:21606: result: no
configure:21616: checking if /usr/bin/g++ accepts static_cast
configure:21674: /usr/bin/g++ -c -O2  -D_GNU_SOURCE -D_DEFAULT_SOURCE -D_FILE_OFFSET_BITS=64  -DNDEBUG conftest.cc >&5
configure:21677: $? = 0
configure:21680: test -s conftest.o
configure:21683: $? = 0
configure:21701: result: yes
configure:21888: checking for gnatmake
configure:21912: result: no
configure:22689: checking for library subsets
configure:22731: result: ticlib+termlib+ext_tinfo+base+ext_funcs
configure:22762: checking default library suffix
configure:22773: result: 
configure:22776: checking default library-dependency suffix
configure:22834: result: .a
configure:22837: checking default object directory
configure:22853: result: objects
configure:22857: checking c++ library-dependency suffix
configure:22925: result: .a
configure:23101: checking if linker supports switching between static/dynamic
configure:23110: /usr/bin/g++ -c -O2 -I. -I../include  -D_GNU_SOURCE -D_DEFAULT_SOURCE -D_FILE_OFFSET_BITS=64  -DNDEBUG conftest.cc >&5
configure:23113: $? = 0
configure:23142: /usr/bin/g++ -o conftest -O2 -I. -I../include  -D_GNU_SOURCE -D_DEFAULT_SOURCE -D_FILE_OFFSET_BITS=64  -DNDEBUG  conftest.cc -static -L/root/Bela/projects/ncurses/ncurses-6.1-20180428 -lconftest   >&5
configure:23145: $? = 0
configure:23148: test -s conftest
configure:23151: $? = 0
configure:23174: result: no
configure:23190: checking where we will install curses.h
configure:23200: result: ${prefix}/include
configure:23226: checking for src modules
configure:23291: result: ncurses progs panel menu form
configure:23528: checking for tic
configure:23545: found /usr/bin/tic
configure:23557: result: /usr/bin/tic
configure:23615: checking for defines to add to ncurses6-config script
configure:23631: result:  -D_GNU_SOURCE -D_DEFAULT_SOURCE
configure:23798: creating ./config.status

## ----------------------- ##
## Running config.status.  ##
## ----------------------- ##

This file was extended by config.status 2.52.20170501, executed with
  CONFIG_FILES    = 
  CONFIG_HEADERS  = 
  CONFIG_LINKS    = 
  CONFIG_COMMANDS = 
  > ./config.status 
on bela

config.status:24601: creating include/MKterm.h.awk
config.status:24601: creating include/curses.head
config.status:24601: creating include/ncurses_dll.h
config.status:24601: creating include/termcap.h
config.status:24601: creating include/unctrl.h
config.status:24601: creating man/Makefile
config.status:24601: creating include/Makefile
config.status:24601: creating ncurses/Makefile
config.status:24601: creating progs/Makefile
config.status:24601: creating panel/Makefile
config.status:24601: creating menu/Makefile
config.status:24601: creating form/Makefile
config.status:24601: creating test/Makefile
config.status:24601: creating misc/Makefile
config.status:24601: creating c++/Makefile
config.status:24601: creating misc/run_tic.sh
config.status:24601: creating misc/ncurses-config
config.status:24601: creating man/ncurses6-config.1
config.status:24601: creating Makefile
config.status:24754: creating include/ncurses_cfg.h

## ----------------- ##
## Cache variables.  ##
## ----------------- ##

ac_cv_build='armv7l-unknown-linux-gnueabihf'
ac_cv_build_alias='armv7l-unknown-linux-gnueabihf'
ac_cv_c_compiler_gnu='yes'
ac_cv_c_const='yes'
ac_cv_c_inline='inline'
ac_cv_cxx_compiler_gnu='yes'
ac_cv_env_CC_set=''
ac_cv_env_CC_value=''
ac_cv_env_CFLAGS_set=''
ac_cv_env_CFLAGS_value=''
ac_cv_env_CPPFLAGS_set=''
ac_cv_env_CPPFLAGS_value=''
ac_cv_env_CPP_set=''
ac_cv_env_CPP_value=''
ac_cv_env_CXXCPP_set=''
ac_cv_env_CXXCPP_value=''
ac_cv_env_CXXFLAGS_set=''
ac_cv_env_CXXFLAGS_value=''
ac_cv_env_CXX_set=''
ac_cv_env_CXX_value=''
ac_cv_env_LDFLAGS_set=''
ac_cv_env_LDFLAGS_value=''
ac_cv_env_build_alias_set=''
ac_cv_env_build_alias_value=''
ac_cv_env_host_alias_set=''
ac_cv_env_host_alias_value=''
ac_cv_env_target_alias_set=''
ac_cv_env_target_alias_value=''
ac_cv_func_fork='yes'
ac_cv_func_fork_works='yes'
ac_cv_func_fseeko='yes'
ac_cv_func_getcwd='yes'
ac_cv_func_getegid='yes'
ac_cv_func_geteuid='yes'
ac_cv_func_getopt='yes'
ac_cv_func_gettimeofday='yes'
ac_cv_func_getttynam='yes'
ac_cv_func_issetugid='no'
ac_cv_func_link='yes'
ac_cv_func_memmove='yes'
ac_cv_func_poll='yes'
ac_cv_func_putenv='yes'
ac_cv_func_regcomp='yes'
ac_cv_func_remove='yes'
ac_cv_func_select='yes'
ac_cv_func_setbuf='yes'
ac_cv_func_setbuffer='yes'
ac_cv_func_setenv='yes'
ac_cv_func_setvbuf='yes'
ac_cv_func_setvbuf_reversed='no'
ac_cv_func_sigaction='yes'
ac_cv_func_sigvec='no'
ac_cv_func_strdup='yes'
ac_cv_func_strstr='yes'
ac_cv_func_symlink='yes'
ac_cv_func_tcgetpgrp='yes'
ac_cv_func_tdestroy='yes'
ac_cv_func_times='yes'
ac_cv_func_tsearch='yes'
ac_cv_func_unlink='yes'
ac_cv_func_vfork='yes'
ac_cv_func_vfork_works='yes'
ac_cv_func_vsnprintf='yes'
ac_cv_header_dirent_dirent_h='yes'
ac_cv_header_fcntl_h='yes'
ac_cv_header_getopt_h='yes'
ac_cv_header_gpm_h='no'
ac_cv_header_inttypes_h='yes'
ac_cv_header_iostream='yes'
ac_cv_header_limits_h='yes'
ac_cv_header_locale_h='yes'
ac_cv_header_math_h='yes'
ac_cv_header_memory_h='yes'
ac_cv_header_poll_h='yes'
ac_cv_header_stdc='yes'
ac_cv_header_stdint_h='yes'
ac_cv_header_stdlib_h='yes'
ac_cv_header_string_h='yes'
ac_cv_header_strings_h='yes'
ac_cv_header_sys_bsdtypes_h='no'
ac_cv_header_sys_ioctl_h='yes'
ac_cv_header_sys_param_h='yes'
ac_cv_header_sys_poll_h='yes'
ac_cv_header_sys_select_h='yes'
ac_cv_header_sys_stat_h='yes'
ac_cv_header_sys_time_h='yes'
ac_cv_header_sys_times_h='yes'
ac_cv_header_sys_types_h='yes'
ac_cv_header_termio_h='yes'
ac_cv_header_termios_h='yes'
ac_cv_header_time='yes'
ac_cv_header_ttyent_h='yes'
ac_cv_header_typeinfo='yes'
ac_cv_header_unistd_h='yes'
ac_cv_header_vfork_h='no'
ac_cv_header_wctype_h='yes'
ac_cv_host='armv7l-unknown-linux-gnueabihf'
ac_cv_host_alias='armv7l-unknown-linux-gnueabihf'
ac_cv_lib_dir_opendir='no'
ac_cv_lib_util_openpty='yes'
ac_cv_objext='o'
ac_cv_path_CXX='/usr/bin/g++'
ac_cv_path_LDCONFIG='/sbin/ldconfig'
ac_cv_path_TIC_PATH='/usr/bin/tic'
ac_cv_path_ac_pt_PKG_CONFIG='/usr/bin/pkg-config'
ac_cv_path_install='/usr/bin/install -c'
ac_cv_prog_AWK='mawk'
ac_cv_prog_CPP='gcc -E'
ac_cv_prog_CXXCPP='/usr/bin/g++ -E'
ac_cv_prog_MAKE_LOWER_TAGS='no'
ac_cv_prog_MAKE_UPPER_TAGS='no'
ac_cv_prog_ac_ct_AR='ar'
ac_cv_prog_ac_ct_CC='gcc'
ac_cv_prog_ac_ct_CXX='g++'
ac_cv_prog_ac_ct_LD='ld'
ac_cv_prog_ac_ct_NM='nm'
ac_cv_prog_ac_ct_RANLIB='ranlib'
ac_cv_prog_cc_g='yes'
ac_cv_prog_cc_stdc=''
ac_cv_prog_cxx_g='yes'
ac_cv_prog_egrep='grep -E'
ac_cv_prog_gcc_traditional='no'
ac_cv_prog_gnatmake_exists='no'
ac_cv_prog_make_make_set='yes'
ac_cv_sizeof_signed_char='1'
ac_cv_sys_file_offset_bits='64'
ac_cv_sys_large_files='no'
ac_cv_sys_largefile_CC='no'
ac_cv_sys_largefile_source='no'
ac_cv_sys_long_file_names='yes'
ac_cv_target='armv7l-unknown-linux-gnueabihf'
ac_cv_target_alias='armv7l-unknown-linux-gnueabihf'
ac_cv_type_intptr_t='yes'
ac_cv_type_pid_t='yes'
ac_cv_type_signed_char='yes'
ac_cv_type_ssize_t='yes'
am_cv_langinfo_codeset='yes'
cf_cv_1UL='1U'
cf_cv_abi_version='6'
cf_cv_ar_flags='-curvU'
cf_cv_builtin_bool='1'
cf_cv_cc_bool_type='0'
cf_cv_cpp_param_init='no'
cf_cv_cpp_static_cast='yes'
cf_cv_dcl_errno='yes'
cf_cv_default_source='yes'
cf_cv_define_sigwinch='yes'
cf_cv_do_symlinks='yes'
cf_cv_enable_lp64='1'
cf_cv_enable_opaque='NCURSES_OPAQUE'
cf_cv_enable_reentrant='0'
cf_cv_func_mkstemp='yes'
cf_cv_func_nanosleep='yes'
cf_cv_func_openpty='pty.h'
cf_cv_func_vsscanf='vsscanf'
cf_cv_gcc_inline='yes'
cf_cv_getopt_header='unistd.h'
cf_cv_gnu_source='yes'
cf_cv_have___va_copy='yes'
cf_cv_have_errno='no'
cf_cv_have_isascii='yes'
cf_cv_have_tcgetattr='yes'
cf_cv_have_va_copy='yes'
cf_cv_header_stdbool_h='1'
cf_cv_lib_util='yes'
cf_cv_link_dataonly='yes'
cf_cv_link_funcs=' link symlink'
cf_cv_makeflags=''
cf_cv_mixedcase='yes'
cf_cv_need_libm='yes'
cf_cv_prog_CC_c_o='yes'
cf_cv_prog_CXX_c_o='yes'
cf_cv_prog_gnat_correct='no'
cf_cv_regex_hdrs='regex.h'
cf_cv_rel_version='6.1'
cf_cv_rm_so_locs='no'
cf_cv_shared_soname='`basename $@ .${REL_VERSION}`.${ABI_VERSION}'
cf_cv_shlib_version='rel'
cf_cv_shlib_version_infix='no'
cf_cv_sig_atomic_t='volatile sig_atomic_t'
cf_cv_sizechange='yes'
cf_cv_src_modules='ncurses progs panel menu form'
cf_cv_struct_dirent64='no'
cf_cv_sys_time_select='yes'
cf_cv_system_name='linux-gnueabihf'
cf_cv_timestamp='Fri Nov  4 00:18:31 UTC 2016'
cf_cv_type_of_bool='unsigned char'
cf_cv_type_sigaction='no'
cf_cv_typeof_chtype='uint32_t'
cf_cv_typeof_mmask_t='uint32_t'
cf_cv_unsigned_literals='yes'
cf_cv_working_poll='yes'

## ------------ ##
## confdefs.h.  ##
## ------------ ##

#define PACKAGE "ncurses"
#define NCURSES_VERSION "6.1"
#define NCURSES_PATCHDATE 20180428
#define SYSTEM_NAME "linux-gnueabihf"
#ifdef __cplusplus
#include <stdlib.h>
#endif
#define HAVE_LONG_FILE_NAMES 1
#define MIXEDCASE_FILENAMES 1
#define TERMINFO_DIRS "/usr/share/terminfo"
#define TERMINFO "/usr/share/terminfo"
#define HAVE_BIG_CORE 1
#define PURE_TERMINFO 1
#define USE_HOME_TERMINFO 1
#define USE_ROOT_ENVIRON 1
#define HAVE_UNISTD_H 1
#define HAVE_REMOVE 1
#define HAVE_UNLINK 1
#define HAVE_LINK 1
#define HAVE_SYMLINK 1
#define USE_LINKS 1
#define HAVE_LANGINFO_CODESET 1
#define _FILE_OFFSET_BITS 64
#define HAVE_FSEEKO 1
#define RGB_PATH "/usr/lib64/X11/rgb.txt"
#define STDC_HEADERS 1
#define HAVE_SYS_TYPES_H 1
#define HAVE_SYS_STAT_H 1
#define HAVE_STDLIB_H 1
#define HAVE_STRING_H 1
#define HAVE_MEMORY_H 1
#define HAVE_STRINGS_H 1
#define HAVE_INTTYPES_H 1
#define HAVE_STDINT_H 1
#define HAVE_UNISTD_H 1
#define SIZEOF_SIGNED_CHAR 1
#define NCURSES_EXT_FUNCS 1
#define HAVE_ASSUME_DEFAULT_COLORS 1
#define HAVE_CURSES_VERSION 1
#define HAVE_HAS_KEY 1
#define HAVE_RESIZETERM 1
#define HAVE_RESIZE_TERM 1
#define HAVE_TERM_ENTRY_H 1
#define HAVE_USE_DEFAULT_COLORS 1
#define HAVE_USE_EXTENDED_NAMES 1
#define HAVE_USE_SCREEN 1
#define HAVE_USE_WINDOW 1
#define HAVE_WRESIZE 1
#define NCURSES_SP_FUNCS 1
#define HAVE_TPUTS_SP 1
#define NCURSES_EXT_PUTWIN 1
#define NCURSES_NO_PADDING 1
#define USE_SIGWINCH 1
#define NCURSES_WRAP_PREFIX "_nc_"
#define USE_ASSUMED_COLOR 1
#define USE_HASHMAP 1
#define GCC_SCANF 1
#define GCC_SCANF 1
#define GCC_SCANFLIKE(fmt,var) __attribute__((format(scanf,fmt,var)))
#define GCC_PRINTF 1
#define GCC_PRINTF 1
#define GCC_PRINTFLIKE(fmt,var) __attribute__((format(printf,fmt,var)))
#define GCC_UNUSED __attribute__((unused))
#define GCC_UNUSED __attribute__((unused))
#define GCC_NORETURN __attribute__((noreturn))
#define GCC_NORETURN __attribute__((noreturn))
#define HAVE_NC_ALLOC_H 1
#define HAVE_GETTIMEOFDAY 1
#define STDC_HEADERS 1
#define HAVE_DIRENT_H 1
#define TIME_WITH_SYS_TIME 1
#define HAVE_REGEX_H_FUNCS 1
#define HAVE_FCNTL_H 1
#define HAVE_GETOPT_H 1
#define HAVE_LIMITS_H 1
#define HAVE_LOCALE_H 1
#define HAVE_MATH_H 1
#define HAVE_POLL_H 1
#define HAVE_SYS_IOCTL_H 1
#define HAVE_SYS_PARAM_H 1
#define HAVE_SYS_POLL_H 1
#define HAVE_SYS_SELECT_H 1
#define HAVE_SYS_TIME_H 1
#define HAVE_SYS_TIMES_H 1
#define HAVE_TTYENT_H 1
#define HAVE_UNISTD_H 1
#define HAVE_WCTYPE_H 1
#define HAVE_UNISTD_H 1
#define HAVE_GETOPT_H 1
#define HAVE_GETOPT_HEADER 1
#define HAVE_SYS_TIME_SELECT 1
#define SIG_ATOMIC_T volatile sig_atomic_t
#define HAVE_GETCWD 1
#define HAVE_GETEGID 1
#define HAVE_GETEUID 1
#define HAVE_GETOPT 1
#define HAVE_GETTTYNAM 1
#define HAVE_POLL 1
#define HAVE_PUTENV 1
#define HAVE_REMOVE 1
#define HAVE_SELECT 1
#define HAVE_SETBUF 1
#define HAVE_SETBUFFER 1
#define HAVE_SETENV 1
#define HAVE_SETVBUF 1
#define HAVE_SIGACTION 1
#define HAVE_STRDUP 1
#define HAVE_STRSTR 1
#define HAVE_TCGETPGRP 1
#define HAVE_TDESTROY 1
#define HAVE_TIMES 1
#define HAVE_TSEARCH 1
#define HAVE_VSNPRINTF 1
#define HAVE_ISASCII 1
#define HAVE_NANOSLEEP 1
#define HAVE_TERMIO_H 1
#define HAVE_TERMIOS_H 1
#define HAVE_UNISTD_H 1
#define HAVE_TCGETATTR 1
#define HAVE_VSSCANF 1
#define HAVE_UNISTD_H 1
#define HAVE_MKSTEMP 1
#define HAVE_SIZECHANGE 1
#define HAVE_WORKING_POLL 1
#define HAVE_VA_COPY 1
#define HAVE___VA_COPY 1
#define HAVE_UNISTD_H 1
#define HAVE_FORK 1
#define HAVE_VFORK 1
#define HAVE_WORKING_VFORK 1
#define HAVE_WORKING_FORK 1
#define USE_OPENPTY_HEADER <pty.h>
#define USE_XTERM_PTY 1
#define HAVE_TYPEINFO 1
#define HAVE_IOSTREAM 1
#define IOSTREAM_NAMESPACE 1
#define CPP_HAS_STATIC_CAST 1
#define HAVE_SLK_COLOR 1
#define HAVE_PANEL_H 1
#define HAVE_LIBPANEL 1
#define HAVE_MENU_H 1
#define HAVE_LIBMENU 1
#define HAVE_FORM_H 1
#define HAVE_LIBFORM 1
#define NCURSES_PATHSEP ':'
#define NCURSES_VERSION_STRING "6.1.20180428"
#define NCURSES_OSPEED_COMPAT 1
#define HAVE_CURSES_DATA_BOOLNAMES 1


configure: exit 0
